HF5/FragmentCodeApp/app/build/intermediates/manifest_merge_blame_file/debug/manifest-merger-blame-debug-report.txt
1<?xml version="1.0" encoding="utf-8"?>
2<manifest xmlns:android="http://schemas.android.com/apk/res/android"
3    package="com.androidunleashed.fragmentcodeapp"
4    android:versionCode="1"
5    android:versionName="1.0" >
6
7    <uses-sdk
7-->src\main\AndroidManifest.xml:6:5-47
8        android:minSdkVersion="11"
8-->src\main\AndroidManifest.xml:6:5-47
9        android:targetSdkVersion="15" />
9-->src\main\AndroidManifest.xml:6:15-44
10
11    <application
11-->src\main\AndroidManifest.xml:8:5-22:19
12        android:debuggable="true"
13        android:icon="@drawable/ic_launcher"
13-->src\main\AndroidManifest.xml:9:9-45
14        android:label="@string/app_name"
14-->src\main\AndroidManifest.xml:10:9-41
15        android:testOnly="true"
16        android:theme="@style/AppTheme" >
16-->src\main\AndroidManifest.xml:11:9-40
17        <activity
17-->src\main\AndroidManifest.xml:12:9-20:20
18            android:name="com.androidunleashed.fragmentcodeapp.FragmentCodeAppActivity"
18-->src\main\AndroidManifest.xml:13:13-52
19            android:label="@string/title_activity_fragment_code_app" >
19-->src\main\AndroidManifest.xml:14:13-69
20            <intent-filter>
20-->src\main\AndroidManifest.xml:15:13-19:29
21                <action android:name="android.intent.action.MAIN" />
21-->src\main\AndroidManifest.xml:16:17-69
21-->src\main\AndroidManifest.xml:16:25-66
22
23                <category android:name="android.intent.category.LAUNCHER" />
23-->src\main\AndroidManifest.xml:18:17-77
23-->src\main\AndroidManifest.xml:18:27-74
24            </intent-filter>
25        </activity>
26        <activity
26-->src\main\AndroidManifest.xml:21:13-91
27            android:name="com.androidunleashed.fragmentcodeapp.ShowItemActivity"
27-->src\main\AndroidManifest.xml:21:23-55
28            android:label="@string/app_name" />
28-->src\main\AndroidManifest.xml:21:56-88
29    </application>
30
31</manifest>